raiz esq esq esq esq esq esq SIM
raiz esq esq esq esq esq dir esq esq NAO
raiz esq esq esq esq esq dir esq dir NAO
raiz esq esq esq esq esq dir dir esq esq NAO
raiz esq esq esq esq esq dir dir SIM
raiz esq esq esq esq dir SIM
raiz esq esq esq SIM
raiz esq esq esq dir esq SIM
raiz esq esq esq dir esq dir esq dir esq dir dir SIM
raiz esq esq esq dir esq dir dir SIM
raiz esq esq esq dir esq dir dir dir esq SIM
raiz esq esq esq dir esq dir dir dir dir esq esq NAO
raiz esq esq esq dir SIM
raiz esq esq dir esq dir esq NAO
raiz esq dir dir esq SIM
raiz esq dir dir esq dir esq dir dir dir esq NAO
raiz dir esq esq dir dir esq SIM
raiz dir esq dir esq dir dir esq esq NAO
raiz dir esq dir esq dir dir dir esq NAO
raiz dir dir dir esq NAO
