raiz esq esq dir SIM
raiz esq esq dir dir dir dir dir esq NAO
raiz esq dir esq esq esq esq NAO
raiz esq dir esq esq esq dir NAO
raiz esq dir esq esq dir SIM
raiz esq dir esq dir SIM
raiz esq dir SIM
raiz esq dir dir SIM
raiz esq dir dir dir esq dir SIM
raiz esq dir dir dir dir esq SIM
raiz esq dir dir dir dir esq dir SIM
raiz esq dir dir dir dir dir esq esq NAO
raiz SIM
raiz dir esq dir dir esq esq NAO
raiz dir dir esq esq dir esq SIM
raiz dir dir esq dir esq dir esq dir NAO
raiz dir dir dir esq esq esq SIM
raiz dir dir dir dir esq esq esq esq NAO
raiz dir dir dir dir esq esq dir NAO
raiz dir dir dir dir dir dir esq NAO
