3113909 CARMO DA CACHOEIRA MG 31 12302 464 5 Ensino superior incompleto - 0 Sudeste 2010 false
3507209 BORA SP 35 836 121 5 Ensino fundamental completo - 0 Sudeste 2015 false
3140100 MARILAC MG 31 4275 354 6 - - 0 Sudeste 2011 false
3144201 NACIP RAYDAN MG 31 3266 237 7 - Sensibilização/mobilização 0 Sudeste 2010 false
4320651 SILVEIRA MARTINS RS 43 2487 126 8 Ensino superior completo Sensibilização/mobilização 0 Sul 2006 true
4111001 ITAMBARACA PR 41 6852 309 9 - - 0 Sul 2015 false
2211704 WALL FERRAZ PI 22 4375 215 13 Ensino superior completo - 0 Nordeste 2015 false
4311981 MARIANA PIMENTEL RS 43 3920 198 13 - - 0 Sul 0 false
4214102 PRESIDENTE NEREU SC 42 2309 232 14 Ensino médio completo - 0 Sul 2010 true
3164100 SAO PEDRO DO SUACUI MG 31 5552 325 16 - - 0 Sudeste 2005 false
4209151 JOSE BOITEUX SC 42 4862 232 16 Pós-graduação - 2015 Sul 2008 true
4218806 TURVO SC 42 12551 466 16 Ensino superior completo - 0 Sul 2004 false
3162609 SAO JOAO DO ORIENTE MG 31 7888 312 17 - - 0 Sudeste 2012 false
3510708 CARDOSO SP 35 12281 460 18 Ensino superior completo - 0 Sudeste 1997 false
1720655 SILVANOPOLIS TO 17 5345 305 19 - - 0 Norte 2013 false
2510303 NOVA PALMEIRA PB 25 4784 323 20 - - 0 Nordeste 2014 false
2921807 MORTUGABA BA 29 12477 548 20 - - 0 Nordeste 2009 false
4202602 BOM RETIRO SC 42 9598 390 20 - - 0 Sul 1991 false
3122207 DIVINOLANDIA DE MINAS MG 31 7472 310 21 Ensino superior completo - 0 Sudeste 2004 false
3519501 IBIRAREMA SP 35 7376 309 21 - - 0 Sudeste 2015 true
4308854 GENTIL RS 43 1711 135 21 Ensino fundamental incompleto - 0 Sul 2010 false
3536109 PARDINHO SP 35 6122 395 22 Ensino superior completo - 0 Sudeste 2014 false
4301701 BARAO DE COTEGIPE RS 43 6754 224 22 Pós-graduação Sensibilização/mobilização 0 Sul 2006 false
1720150 SAO FELIX DO TOCANTINS TO 17 1545 149 24 Ensino superior completo Sensibilização/mobilização 0 Norte 2014 false
2900355 ADUSTINA BA 29 17153 605 24 Ensino superior completo - 0 Nordeste 2015 false
4216354 SAO JOAO DO ITAPERIU SC 42 3634 198 24 Ensino superior completo - 0 Sul 2010 false
3104601 ASTOLFO DUTRA MG 31 13937 543 26 - - 0 Sudeste 2015 false
3515400 FARTURA SP 35 15960 630 26 - - 0 Sudeste 1999 false
2112506 TUTOIA MA 21 57253 3124 31 - - 2011 Nordeste 2013 false
3126604 FRANCISCO DUMONT MG 31 5160 387 34 Ensino fundamental completo - 0 Sudeste 2013 false
5200803 ALVORADA DO NORTE GO 52 8448 405 35 - - 0 Centro-Oeste 2014 false
3153806 QUELUZITO MG 31 1947 160 36 Ensino médio completo - 0 Sudeste 2001 false
3545605 SANTA ADELIA SP 35 15178 753 37 - - 0 Sudeste 2014 false
1718881 SANTA MARIA DO TOCANTINS TO 17 3252 195 39 - - 0 Norte 2012 false
3107000 BIQUINHAS MG 31 2640 212 39 - Elaboração do Plano de Desenvolvimento Sustentável 0 Sudeste 2015 false
4308904 GETULIO VARGAS RS 43 16647 476 39 Ensino superior completo Sensibilização/mobilização 0 Sul 2002 false
5004403 INOCENCIA MS 50 7664 540 39 - - 0 Centro-Oeste 2009 true
2110237 SANTANA DO MARANHAO MA 21 12987 504 40 - - 2014 Nordeste 2014 false
3153608 PRUDENTE DE MORAIS MG 31 10388 466 40 - - 0 Sudeste 2000 false
5203939 BURITI DE GOIAS GO 52 2606 156 40 Ensino superior completo - 0 Centro-Oeste 2011 false
5215405 OURO VERDE DE GOIAS GO 52 4062 311 41 - - 0 Centro-Oeste 2001 false
2410405 PUREZA RN 24 9331 430 43 Ensino médio completo - 0 Nordeste 2007 false
2614600 TABIRA PE 26 27958 883 43 Ensino médio completo Sensibilização/mobilização 0 Nordeste 1997 false
1712454 LUZINOPOLIS TO 17 2945 200 45 Ensino superior completo Definição de diagnóstico e metodologia 0 Norte 2014 false
3535507 PARAGUACU PAULISTA SP 35 44794 1727 47 Ensino superior completo - 0 Sudeste 2015 true
2709103 TAQUARANA AL 27 19980 1090 51 Ensino superior completo - 0 Nordeste 2014 false
3158201 SANTA MARIA DO SUACUI MG 31 14869 521 52 Ensino médio completo - 0 Sudeste 1998 false
3107802 BOM JESUS DO GALHO MG 31 15542 430 54 - - 0 Sudeste 2011 false
2400901 ANTONIO MARTINS RN 24 7205 318 55 - - 0 Nordeste 2015 false
2511509 PILAR PB 25 11786 681 56 Ensino fundamental completo - 0 Nordeste 2000 false
2906709 CANDIDO SALES BA 29 26855 1106 60 Ensino médio completo - 0 Nordeste 2010 false
2915502 ITAJUIPE BA 29 21754 940 60 Ensino médio completo Sensibilização/mobilização 0 Nordeste 2003 true
5104609 ITIQUIRA MT 51 12109 913 60 Ensino superior completo - 0 Centro-Oeste 2015 false
4114104 MANDAGUACU PR 41 21672 799 61 Ensino superior completo - 2007 Sul 2001 false
3204054 PEDRO CANARIO ES 32 26128 1039 62 Ensino superior completo - 0 Sudeste 2014 false
2513158 SANTA CECILIA PB 25 6583 368 63 Ensino superior completo - 0 Nordeste 2014 false
2102705 CANTANHEDE MA 21 21464 895 65 Ensino superior completo - 0 Nordeste 0 false
2503308 CACHOEIRA DOS INDIOS PB 25 10114 365 65 Ensino superior completo - 0 Nordeste 2012 false
3545803 SANTA BARBARA D'OESTE SP 35 190139 4875 66 Ensino superior completo - 2011 Sudeste 2006 false
3545803 SANTA BARBARA D'OESTE SP 35 190139 4875 66 Ensino superior completo - 2011 Sudeste 2006 false
1506500 SANTA ISABEL DO PARA PA 15 66490 1972 71 Ensino superior completo Sensibilização/mobilização 0 Norte 2011 false
2802007 DIVINA PASTORA SE 28 4890 483 74 Ensino superior completo Definição de diagnóstico e metodologia 0 Nordeste 2014 false
5200175 AGUA FRIA DE GOIAS GO 52 5395 308 77 Ensino médio completo - 2006 Centro-Oeste 2014 false
5006903 PORTO MURTINHO MS 50 16514 670 78 Ensino superior completo - 0 Centro-Oeste 2014 false
3129509 IBIA MG 31 24784 889 80 Ensino superior completo - 0 Sudeste 1995 false
4218707 TUBARAO SC 42 102883 433 81 Pós-graduação Implementação de ações da Agenda 21 em políticas públicas 2013 Sul 2003 false
2900801 ALCOBACA BA 29 23282 1128 82 Ensino médio completo Implementação de ações da Agenda 21 em políticas públicas 0 Nordeste 2010 false
2606705 IBIRAJUBA PE 26 7725 596 83 Ensino superior incompleto - 0 Nordeste 2015 false
3162104 SAO GOTARDO MG 31 34425 967 84 Ensino superior incompleto - 0 Sudeste 1995 false
2932457 UMBURANAS BA 29 19055 1070 86 Ensino médio completo - 0 Nordeste 2013 true
2801603 CEDRO DE SAO JOAO SE 28 5890 338 89 - - 0 Nordeste 0 false
4202909 BRUSQUE SC 42 122775 3135 90 Pós-graduação - 2014 Sul 2015 false
2915908 ITANAGRA BA 29 8034 446 92 Ensino superior completo - 0 Nordeste 0 false
5213004 MAURILANDIA GO 52 12513 411 92 Ensino superior incompleto - 0 Centro-Oeste 2014 false
3203403 MIMOSO DO SUL ES 32 27349 1079 100 - Sensibilização/mobilização 0 Sudeste 2015 false
1502301 CAPITAO POCO PA 15 52693 2229 105 Ensino superior completo - 2006 Norte 2002 false
2306009 IRACEMA CE 23 14071 718 105 Ensino superior completo - 0 Nordeste 2015 false
3507506 BOTUCATU SP 35 139483 2760 106 Ensino superior completo - 0 Sudeste 2003 false
5200308 ALEXANIA GO 52 25468 885 118 Ensino superior completo - 0 Centro-Oeste 2013 false
5002100 BELA VISTA MS 50 24113 848 119 Ensino superior completo - 0 Centro-Oeste 2014 true
2301257 ARARENDA CE 23 10775 635 122 Ensino médio completo - 0 Nordeste 2014 false
2708006 SANTANA DO IPANEMA AL 27 47820 2166 122 Ensino fundamental completo - 0 Nordeste 2015 false
3124104 ESMERALDAS MG 31 67208 1726 125 Ensino superior completo - 2015 Sudeste 2009 false
4301057 ARROIO DO SAL RS 43 8785 642 126 Ensino superior completo - 2011 Sul 2014 false
2612703 SANTA MARIA DO CAMBUCA PE 26 13826 450 128 Ensino médio incompleto - 0 Nordeste 2007 true
2903102 BARRA DO ROCHA BA 29 6424 474 132 Ensino médio completo Elaboração do Plano de Desenvolvimento Sustentável 0 Nordeste 2014 false
2615102 TEREZINHA PE 26 7057 453 147 Ensino superior incompleto Sensibilização/mobilização 0 Nordeste 2004 false
1506161 RIO MARIA PA 15 17738 763 155 - - 0 Norte 2011 false
2601201 ARCOVERDE PE 26 72625 1498 161 Ensino superior completo Sensibilização/mobilização 0 Nordeste 2008 false
1302108 JAPURA AM 13 5125 849 162 Ensino superior completo - 0 Norte 2015 false
5203302 BELA VISTA DE GOIAS GO 52 26642 1121 173 - Sensibilização/mobilização 2015 Centro-Oeste 2007 false
2913507 IGUAI BA 29 27787 1252 176 Ensino médio completo - 0 Nordeste 2003 false
5220504 SERRANOPOLIS GO 52 7962 421 187 Ensino superior incompleto - 0 Centro-Oeste 2015 false
1302702 MANICORE AM 13 53053 1438 190 Ensino superior completo - 0 Norte 2005 false
2109007 PORTO FRANCO MA 21 23243 1315 197 Ensino superior completo Sensibilização/mobilização 0 Nordeste 2010 false
2606408 GRAVATA PE 26 81893 2592 213 Ensino superior completo Sensibilização/mobilização 0 Nordeste 2002 false
2202208 CAMPO MAIOR PI 22 45971 1897 254 Ensino superior completo - 0 Nordeste 2000 false
4119905 PONTA GROSSA PR 41 337865 8496 263 Ensino superior completo Elaboração do Plano de Desenvolvimento Sustentável 0 Sul 2002 false
3522109 ITANHAEM SP 35 96222 4637 317 Pós-graduação - 0 Sudeste 2014 false
3205101 VIANA ES 32 74499 2542 438 Ensino superior completo - 0 Sudeste 2006 false
3118601 CONTAGEM MG 31 648766 8490 562 Ensino médio completo Implementação de ações da Agenda 21 em políticas públicas 0 Sudeste 2008 false
5218805 RIO VERDE GO 52 197048 5809 1717 Ensino superior completo - 2014 Centro-Oeste 2014 false
