8785
12373
19723
17125
16736
16048
13384
8044
6345
4594
14976
23642
24607
35050
53010
44374
73207
73054
66794
50315
50932
13929
12888
9412
8670
10465
11943
14174
15759
16232
15299
33373
30476
28972
28054
25681
6077
10896
14762
14535
13137
25462
22966
31585
30824
32457
19813
20168
7837
22148
20490
20621
22883
26730
51239
51084
74855
70296
66750
28565
28532
6764
7265
6933
7398
9686
7877
8766
18225
18143
19880
19757
17724
7647
7516
6484
10278
13884
18079
22161
20936
17782
16242
12956
8991
7640
34042
32764
47772
51551
56153
33350
99745
121394
119834
129030
132896
68431
160156
157158
144074
144679
145799
17185
17373
17748
13867
10664
19785
22415
21348
18840
23391
15332
18401
18558
15534
19024
19989
24538
28133
26720
25333
21263
13778
26905
31776
